[2024-02-18 18:06:32,133] DEBUG preRegister called. Server=com.sun.jmx.mbeanserver.JmxMBeanServer@60215eee, name=log4j:logger=kafka.controller (kafka.controller)
[2024-02-18 18:06:55,206] INFO [ControllerEventThread controllerId=0] Starting (kafka.controller.ControllerEventManager$ControllerEventThread)
[2024-02-18 18:06:55,250] INFO [Controller id=0] 0 successfully elected as the controller. Epoch incremented to 1 and epoch zk version is now 1 (kafka.controller.KafkaController)
[2024-02-18 18:06:55,251] INFO [Controller id=0] Registering handlers (kafka.controller.KafkaController)
[2024-02-18 18:06:55,258] INFO [Controller id=0] Deleting log dir event notifications (kafka.controller.KafkaController)
[2024-02-18 18:06:55,264] INFO [Controller id=0] Deleting isr change notifications (kafka.controller.KafkaController)
[2024-02-18 18:06:55,274] INFO [Controller id=0] Initializing controller context (kafka.controller.KafkaController)
[2024-02-18 18:06:55,360] INFO [Controller id=0] Initialized broker epochs cache: Map(0 -> 24) (kafka.controller.KafkaController)
[2024-02-18 18:06:55,365] DEBUG [Controller id=0] Register BrokerModifications handler for Set(0) (kafka.controller.KafkaController)
[2024-02-18 18:06:55,375] DEBUG [Channel manager on controller 0]: Controller 0 trying to connect to broker 0 (kafka.controller.ControllerChannelManager)
[2024-02-18 18:06:55,440] INFO [Controller id=0] Currently active brokers in the cluster: Set(0) (kafka.controller.KafkaController)
[2024-02-18 18:06:55,440] INFO [Controller id=0] Currently shutting brokers in the cluster: Set() (kafka.controller.KafkaController)
[2024-02-18 18:06:55,440] INFO [Controller id=0] Current list of topics in the cluster: Set() (kafka.controller.KafkaController)
[2024-02-18 18:06:55,441] INFO [Controller id=0] Fetching topic deletions in progress (kafka.controller.KafkaController)
[2024-02-18 18:06:55,443] INFO [RequestSendThread controllerId=0] Starting (kafka.controller.RequestSendThread)
[2024-02-18 18:06:55,445] INFO [Controller id=0] List of topics to be deleted:  (kafka.controller.KafkaController)
[2024-02-18 18:06:55,451] INFO [Controller id=0] List of topics ineligible for deletion:  (kafka.controller.KafkaController)
[2024-02-18 18:06:55,451] INFO [Controller id=0] Initializing topic deletion manager (kafka.controller.KafkaController)
[2024-02-18 18:06:55,452] INFO [Topic Deletion Manager 0] Initializing manager with initial deletions: Set(), initial ineligible deletions: Set() (kafka.controller.TopicDeletionManager)
[2024-02-18 18:06:55,452] INFO [Controller id=0] Sending update metadata request (kafka.controller.KafkaController)
[2024-02-18 18:06:55,487] INFO [RequestSendThread controllerId=0] Controller 0 connected to localhost:9092 (id: 0 rack: null) for sending state change requests (kafka.controller.RequestSendThread)
[2024-02-18 18:06:55,489] INFO [ReplicaStateMachine controllerId=0] Initializing replica state (kafka.controller.ZkReplicaStateMachine)
[2024-02-18 18:06:55,491] INFO [ReplicaStateMachine controllerId=0] Triggering online replica state changes (kafka.controller.ZkReplicaStateMachine)
[2024-02-18 18:06:55,497] INFO [ReplicaStateMachine controllerId=0] Triggering offline replica state changes (kafka.controller.ZkReplicaStateMachine)
[2024-02-18 18:06:55,498] DEBUG [ReplicaStateMachine controllerId=0] Started replica state machine with initial state -> Map() (kafka.controller.ZkReplicaStateMachine)
[2024-02-18 18:06:55,498] INFO [PartitionStateMachine controllerId=0] Initializing partition state (kafka.controller.ZkPartitionStateMachine)
[2024-02-18 18:06:55,499] INFO [PartitionStateMachine controllerId=0] Triggering online partition state changes (kafka.controller.ZkPartitionStateMachine)
[2024-02-18 18:06:55,505] DEBUG [PartitionStateMachine controllerId=0] Started partition state machine with initial state -> Map() (kafka.controller.ZkPartitionStateMachine)
[2024-02-18 18:06:55,505] INFO [Controller id=0] Ready to serve as the new controller with epoch 1 (kafka.controller.KafkaController)
[2024-02-18 18:06:55,522] INFO [Controller id=0] Partitions undergoing preferred replica election:  (kafka.controller.KafkaController)
[2024-02-18 18:06:55,523] INFO [Controller id=0] Partitions that completed preferred replica election:  (kafka.controller.KafkaController)
[2024-02-18 18:06:55,523] INFO [Controller id=0] Skipping preferred replica election for partitions due to topic deletion:  (kafka.controller.KafkaController)
[2024-02-18 18:06:55,523] INFO [Controller id=0] Resuming preferred replica election for partitions:  (kafka.controller.KafkaController)
[2024-02-18 18:06:55,524] INFO [Controller id=0] Starting replica leader election (PREFERRED) for partitions  triggered by ZkTriggered (kafka.controller.KafkaController)
[2024-02-18 18:06:55,541] INFO [Controller id=0] Starting the controller scheduler (kafka.controller.KafkaController)
[2024-02-18 18:07:00,542] INFO [Controller id=0] Processing automatic preferred replica leader election (kafka.controller.KafkaController)
[2024-02-18 18:07:00,543] TRACE [Controller id=0] Checking need to trigger auto leader balancing (kafka.controller.KafkaController)
[2024-02-18 18:08:06,647] INFO [Controller id=0] New topics: [Set(velib-projet)], deleted topics: [Set()], new partition replica assignment [Map(velib-projet-0 -> ReplicaAssignment(replicas=0, addingReplicas=, removingReplicas=))] (kafka.controller.KafkaController)
[2024-02-18 18:08:06,648] INFO [Controller id=0] New partition creation callback for velib-projet-0 (kafka.controller.KafkaController)
